
[DEBUG] /payments/billing for Tenant 101
[DEBUG] Time: 2026-04-06T18:55:49.208Z
[DEBUG] DB Type: pg
[DEBUG] History Length: 0
[DEBUG] Latest Payment: {"payment_id":2,"tenant_id":101,"payment_date":"2026-04-05T18:30:00.000Z","amount_paid":4999,"balance":4001,"payment_type":"Rent + Advance","utr_number":"","payment_via":"Cash","user_id":12,"rent_charged":0}
[DEBUG] Bed Data: {"bed_cost":7000,"advance_amount":2000}
--------------------------------------------------

[DEBUG] /payments/billing for Tenant 101
[DEBUG] Time: 2026-04-06T18:55:52.437Z
[DEBUG] DB Type: pg
[DEBUG] History Length: 0
[DEBUG] Latest Payment: {"payment_id":2,"tenant_id":101,"payment_date":"2026-04-05T18:30:00.000Z","amount_paid":4999,"balance":4001,"payment_type":"Rent + Advance","utr_number":"","payment_via":"Cash","user_id":12,"rent_charged":0}
[DEBUG] Bed Data: {"bed_cost":7000,"advance_amount":2000}
--------------------------------------------------

[DEBUG] /payments/billing for Tenant 101
[DEBUG] Time: 2026-04-06T18:58:08.677Z
[DEBUG] DB Type: pg
[DEBUG] History Length: 0
[DEBUG] Latest Payment: {"payment_id":2,"tenant_id":101,"payment_date":"2026-04-05T18:30:00.000Z","amount_paid":4999,"balance":4001,"payment_type":"Rent + Advance","utr_number":"","payment_via":"Cash","user_id":12,"rent_charged":0}
[DEBUG] Bed Data: {"bed_cost":7000,"advance_amount":2000}
--------------------------------------------------

[DEBUG] /payments/billing for Tenant 101
[DEBUG] Time: 2026-04-06T19:01:40.559Z
[DEBUG] DB Type: pg
[DEBUG] History Length: 0
[DEBUG] Latest Payment: {"payment_id":2,"tenant_id":101,"payment_date":"2026-04-05T18:30:00.000Z","amount_paid":4999,"balance":4001,"payment_type":"Rent + Advance","utr_number":"","payment_via":"Cash","user_id":12,"rent_charged":0}
[DEBUG] Bed Data: {"bed_cost":7000,"advance_amount":2000}
--------------------------------------------------
[DEBUG] Final Response History: [{"month":"April","year":2026,"fixed_rent":7000,"previous_balance":0,"total_due":9000,"amount_paid":4999,"current_balance":4001}]

[DEBUG] /payments/billing for Tenant 101
[DEBUG] Time: 2026-04-06T19:01:43.135Z
[DEBUG] DB Type: pg
[DEBUG] History Length: 0
[DEBUG] Latest Payment: {"payment_id":2,"tenant_id":101,"payment_date":"2026-04-05T18:30:00.000Z","amount_paid":4999,"balance":4001,"payment_type":"Rent + Advance","utr_number":"","payment_via":"Cash","user_id":12,"rent_charged":0}
[DEBUG] Bed Data: {"bed_cost":7000,"advance_amount":2000}
--------------------------------------------------
[DEBUG] Final Response History: [{"month":"April","year":2026,"fixed_rent":7000,"previous_balance":0,"total_due":9000,"amount_paid":4999,"current_balance":4001}]

[DEBUG] /payments/billing for Tenant 101
[DEBUG] Time: 2026-04-06T19:02:01.258Z
[DEBUG] DB Type: pg
[DEBUG] History Length: 0
[DEBUG] Latest Payment: {"payment_id":2,"tenant_id":101,"payment_date":"2026-04-05T18:30:00.000Z","amount_paid":4999,"balance":4001,"payment_type":"Rent + Advance","utr_number":"","payment_via":"Cash","user_id":12,"rent_charged":0}
[DEBUG] Bed Data: {"bed_cost":7000,"advance_amount":2000}
--------------------------------------------------
[DEBUG] Final Response History: [{"month":"April","year":2026,"fixed_rent":7000,"previous_balance":0,"total_due":9000,"amount_paid":4999,"current_balance":4001}]

[DEBUG] /payments/billing for Tenant 101
[DEBUG] Time: 2026-04-06T19:05:26.873Z
[DEBUG] DB Type: pg
[DEBUG] History Length: 0
[DEBUG] Latest Payment: {"payment_id":2,"tenant_id":101,"payment_date":"2026-04-05T18:30:00.000Z","amount_paid":4999,"balance":4001,"payment_type":"Rent + Advance","utr_number":"","payment_via":"Cash","user_id":12,"rent_charged":0}
[DEBUG] Bed Data: {"bed_cost":7000,"advance_amount":2000}
--------------------------------------------------
[DEBUG] Final Response History: [{"month":"April","year":2026,"fixed_rent":7000,"previous_balance":0,"total_due":9000,"amount_paid":4999,"current_balance":4001}]

[DEBUG] /payments/billing for Tenant 101
[DEBUG] Time: 2026-04-06T19:05:33.395Z
[DEBUG] DB Type: pg
[DEBUG] History Length: 0
[DEBUG] Latest Payment: {"payment_id":2,"tenant_id":101,"payment_date":"2026-04-05T18:30:00.000Z","amount_paid":4999,"balance":4001,"payment_type":"Rent + Advance","utr_number":"","payment_via":"Cash","user_id":12,"rent_charged":0}
[DEBUG] Bed Data: {"bed_cost":7000,"advance_amount":2000}
--------------------------------------------------
[DEBUG] Final Response History: [{"month":"April","year":2026,"fixed_rent":7000,"previous_balance":0,"total_due":9000,"amount_paid":4999,"current_balance":4001}]
